<?xml version="1.0" encoding="UTF-8"?>
<!-- Generated by org.testng.reporters.JUnitReportReporter -->
<testsuite hostname="thinkcentre" failures="0" tests="1" name="tests.PlaceOrderTest" time="3.764" errors="0" timestamp="2025-05-06T18:05:47 IST" skipped="0">
  <testcase classname="tests.PlaceOrderTest" name="testPlaceOrderAPI" time="3.764"/>
</testsuite> <!-- tests.PlaceOrderTest -->
